<?xml version="1.0" encoding="UTF-8"?>
<!-- Generated by org.testng.reporters.JUnitReportReporter -->
<testsuite hostname="Swetha" failures="0" tests="3" name="sample.TestNGAttributes" time="0.022" errors="0" timestamp="2025-03-13T10:44:41 IST" skipped="1">
  <testcase classname="sample.TestNGAttributes" name="modifyUser" time="0.018"/>
  <testcase classname="sample.TestNGAttributes" name="alterUser" time="0.004"/>
  <testcase classname="sample.TestNGAttributes" name="deleteUser">
    <skipped/>
  </testcase> <!-- deleteUser -->
</testsuite> <!-- sample.TestNGAttributes -->
