<?xml version="1.0" encoding="UTF-8"?>
<!-- Generated by org.testng.reporters.JUnitReportReporter -->
<testsuite hostname="Swetha" failures="0" tests="1" name="testCaseRepo.TC_003" time="25.536" errors="0" timestamp="2025-03-22T09:20:02 IST" skipped="0">
  <testcase classname="testCaseRepo.TC_003" name="Leads_003" time="25.536"/>
</testsuite> <!-- testCaseRepo.TC_003 -->
