<?xml version="1.0" encoding="UTF-8"?>
<!-- Generated by org.testng.reporters.JUnitReportReporter -->
<testsuite hostname="Swetha" failures="0" tests="4" name="sample.TestNGPractice" time="0.022" errors="0" timestamp="2025-03-13T10:36:56 IST" skipped="0">
  <testcase classname="sample.TestNGPractice" name="modifyUser" time="0.001"/>
  <testcase classname="sample.TestNGPractice" name="deleteUser" time="0.012"/>
  <testcase classname="sample.TestNGPractice" name="createUser" time="0.007"/>
  <testcase classname="sample.TestNGPractice" name="alterUser" time="0.002"/>
</testsuite> <!-- sample.TestNGPractice -->
