<?xml version="1.0" encoding="UTF-8"?>
<!-- Generated by org.testng.reporters.JUnitReportReporter -->
<testsuite hostname="Swetha" failures="0" tests="2" name="testCaseRepo.TC_002" time="32.159" errors="0" timestamp="2025-03-26T10:26:55 IST" skipped="0">
  <testcase classname="testCaseRepo.TC_002" name="Leads_002" time="21.539">
    <system-out>
      <![CDATA[Leads_002 On Test Start executed
Leads_002 On Test Success executed]]>
    </system-out>
  </testcase> <!-- Leads_002 -->
  <testcase classname="testCaseRepo.TC_002" name="demo" time="10.620">
    <system-out>
      <![CDATA[demo On Test Start executed
demo On Test Success executed]]>
    </system-out>
  </testcase> <!-- demo -->
  <system-out>
    <![CDATA[Leads_003 On Test Start executed
Leads_003 On Test Success executed
Leads_002 On Test Start executed
Leads_002 On Test Success executed
demo On Test Start executed
demo On Test Success executed
Leads_001 On Test Start executed
Leads_001 On Test Skipped executed
Con_001 On Test Start executed
Con_001 On Test Success executed]]>
  </system-out>
</testsuite> <!-- testCaseRepo.TC_002 -->
