<?xml version="1.0" encoding="UTF-8"?>
<!-- Generated by org.testng.reporters.JUnitReportReporter -->
<testsuite hostname="Swetha" failures="0" tests="1" name="testCaseRepo.TC_004" time="22.185" errors="0" timestamp="2025-04-02T10:35:30 IST" skipped="0">
  <testcase classname="testCaseRepo.TC_004" name="Con_001" time="22.185">
    <system-out>
      <![CDATA[Con_001 On Test Start executed
Con_001 On Test Success executed]]>
    </system-out>
  </testcase> <!-- Con_001 -->
  <system-out>
    <![CDATA[Leads_001 On Test Start executed
Leads_001 On Test Success executed
Con_001 On Test Start executed
Con_001 On Test Success executed]]>
  </system-out>
</testsuite> <!-- testCaseRepo.TC_004 -->
