<?xml version="1.0" encoding="UTF-8"?>
<!-- Generated by org.testng.reporters.JUnitReportReporter -->
<testsuite hostname="Swetha" failures="0" tests="1" name="testCaseRepo.TC_001Test" time="21.680" errors="0" timestamp="2025-04-02T10:35:30 IST" skipped="0">
  <testcase classname="testCaseRepo.TC_001Test" name="Leads_001" time="21.680">
    <system-out>
      <![CDATA[Leads_001 On Test Start executed
Leads_001 On Test Success executed]]>
    </system-out>
  </testcase> <!-- Leads_001 -->
  <system-out>
    <![CDATA[Leads_001 On Test Start executed
Leads_001 On Test Success executed
Con_001 On Test Start executed
Con_001 On Test Success executed]]>
  </system-out>
</testsuite> <!-- testCaseRepo.TC_001Test -->
