<?xml version="1.0" encoding="UTF-8"?>
<!-- Generated by org.testng.reporters.JUnitReportReporter -->
<testsuite hostname="Swetha" failures="0" tests="1" name="testCaseRepo.TC_005" time="20.424" errors="0" timestamp="2025-03-26T09:25:22 IST" skipped="0">
  <testcase classname="testCaseRepo.TC_005" name="Con_001" time="20.424"/>
  <system-out>
    <![CDATA[Leads_003 On Test Start executed
Leads_003 On Test Success executed
Leads_002 On Test Start executed
Leads_002 On Test Success executed
demo On Test Start executed
demo On Test Success executed
Leads_001 On Test Start executed
Leads_001 On Test Success executed
Con_001 On Test Start executed
Con_001 On Test Success executed]]>
  </system-out>
</testsuite> <!-- testCaseRepo.TC_005 -->
